<?xml version="1.0" encoding="UTF-8"?>
<testsuite name="com.example.project.TestRepair" tests="2" skipped="0" failures="0" errors="0" timestamp="2025-02-15T15:23:44" hostname="codespaces-36d360" time="0.025">
  <properties/>
  <testcase name="testAddRepairPARTA()" classname="com.example.project.TestRepair" time="0.023"/>
  <testcase name="testAvailableMechanicsPARTB()" classname="com.example.project.TestRepair" time="0.001"/>
  <system-out><![CDATA[]]></system-out>
  <system-err><![CDATA[]]></system-err>
</testsuite>
